run started at 2013-04-17 00:33 with max_games None
starting game 0_00: gnugo-l1 (b) vs sda_play (w)
Using gpu device 0: GeForce GTX 570
response from game 0_00
forfeit: gnugo-l1 claims move c16 is illegal
starting game 0_01: sda_play (b) vs gnugo-l1 (w)
Using gpu device 0: GeForce GTX 570
response from game 0_01
forfeit: gnugo-l1 claims move c16 is illegal
starting game 0_02: gnugo-l1 (b) vs sda_play (w)
Using gpu device 0: GeForce GTX 570
run interrupted at 2013-04-17 00:33
games in progress were: 0_02
run started at 2013-04-17 00:38 with max_games None
starting game 0_02: gnugo-l1 (b) vs sda_play (w)
Using gpu device 0: GeForce GTX 570
response from game 0_02
forfeit: gnugo-l1 claims move r17 is illegal
starting game 0_03: sda_play (b) vs gnugo-l1 (w)
Using gpu device 0: GeForce GTX 570
response from game 0_03
forfeit: gnugo-l1 claims move c16 is illegal
starting game 0_04: gnugo-l1 (b) vs sda_play (w)
Using gpu device 0: GeForce GTX 570
response from game 0_04
forfeit: gnugo-l1 claims move d17 is illegal
starting game 0_05: sda_play (b) vs gnugo-l1 (w)
Using gpu device 0: GeForce GTX 570
run interrupted at 2013-04-17 00:39
games in progress were: 0_05
run started at 2013-04-17 00:41 with max_games None
starting game 0_05: sda_play (b) vs gnugo-l1 (w)
Using gpu device 0: GeForce GTX 570
response from game 0_05
forfeit: gnugo-l1 claims move c4 is illegal
starting game 0_06: gnugo-l1 (b) vs sda_play (w)
Using gpu device 0: GeForce GTX 570
response from game 0_06
forfeit: gnugo-l1 claims move c4 is illegal
starting game 0_07: sda_play (b) vs gnugo-l1 (w)
Using gpu device 0: GeForce GTX 570
run interrupted at 2013-04-17 00:41
games in progress were: 0_07
run started at 2013-04-17 00:46 with max_games None
starting game 0_07: sda_play (b) vs gnugo-l1 (w)
Using gpu device 0: GeForce GTX 570
game 0_07 -- aborting game due to error:
GTP protocol error reading response to 'genmove b' from player sda_play:
no success/failure indication from engine: first line is `(2, 13) None`
halting competition: too many void games
run finished at 2013-04-17 00:46
run started at 2013-04-17 00:48 with max_games None
starting game 0_07: sda_play (b) vs gnugo-l1 (w)
Using gpu device 0: GeForce GTX 570
response from game 0_07
forfeit: gnugo-l1 claims move c6 is illegal
starting game 0_08: gnugo-l1 (b) vs sda_play (w)
Using gpu device 0: GeForce GTX 570
response from game 0_08
forfeit: gnugo-l1 claims move c4 is illegal
starting game 0_09: sda_play (b) vs gnugo-l1 (w)
Using gpu device 0: GeForce GTX 570
response from game 0_09
forfeit: gnugo-l1 claims move c16 is illegal
starting game 0_10: gnugo-l1 (b) vs sda_play (w)
Using gpu device 0: GeForce GTX 570
response from game 0_10
forfeit: gnugo-l1 claims move c4 is illegal
starting game 0_11: sda_play (b) vs gnugo-l1 (w)
Using gpu device 0: GeForce GTX 570
response from game 0_11
forfeit: gnugo-l1 claims move d17 is illegal
starting game 0_12: gnugo-l1 (b) vs sda_play (w)
Using gpu device 0: GeForce GTX 570
run interrupted at 2013-04-17 00:49
games in progress were: 0_12
run started at 2013-04-17 00:51 with max_games None
starting game 0_12: gnugo-l1 (b) vs sda_play (w)
Using gpu device 0: GeForce GTX 570
run interrupted at 2013-04-17 00:51
games in progress were: 0_12
run started at 2013-04-17 00:51 with max_games None
starting game 0_12: gnugo-l1 (b) vs sda_play (w)
Using gpu device 0: GeForce GTX 570
response from game 0_12
forfeit: gnugo-l1 claims move d17 is illegal
starting game 0_13: sda_play (b) vs gnugo-l1 (w)
run interrupted at 2013-04-17 00:51
games in progress were: 0_13
Traceback (most recent call last):
  File "sda_play.py", line 9, in <module>
    from batch_SdA import SdA
  File "/home/nhnifong/deep-planning/code/batch_SdA.py", line 11, in <module>
    import theano
  File "/usr/local/lib/python2.7/dist-packages/theano/__init__.py", line 101, in <module>
    import theano.sandbox.cuda
  File "/usr/local/lib/python2.7/dist-packages/theano/sandbox/cuda/__init__.py", line 453, in <module>
    use(device=config.device, force=config.force_device, test_driver=False)
  File "/usr/local/lib/python2.7/dist-packages/theano/sandbox/cuda/__init__.py", line 371, in use
    cuda_ndarray.cuda_ndarray.CudaNdarray.zeros((2, 3))
KeyboardInterrupt
run started at 2013-04-17 00:54 with max_games None
starting game 0_13: sda_play (b) vs gnugo-l1 (w)
Using gpu device 0: GeForce GTX 570
response from game 0_13
forfeit: gnugo-l1 claims move p8 is illegal
starting game 0_14: gnugo-l1 (b) vs sda_play (w)
Using gpu device 0: GeForce GTX 570
response from game 0_14
forfeit: gnugo-l1 claims move n3 is illegal
starting game 0_15: sda_play (b) vs gnugo-l1 (w)
Using gpu device 0: GeForce GTX 570
response from game 0_15
forfeit: gnugo-l1 claims move n3 is illegal
starting game 0_16: gnugo-l1 (b) vs sda_play (w)
Using gpu device 0: GeForce GTX 570
run interrupted at 2013-04-17 00:55
games in progress were: 0_16
Traceback (most recent call last):
  File "sda_play.py", line 9, in <module>
    from batch_SdA import SdA
  File "/home/nhnifong/deep-planning/code/batch_SdA.py", line 11, in <module>
    import theano
  File "/usr/local/lib/python2.7/dist-packages/theano/__init__.py", line 107, in <module>
    theano.sandbox.cuda.tests.test_driver.test_nvidia_driver1()
  File "/usr/local/lib/python2.7/dist-packages/theano/sandbox/cuda/tests/test_driver.py", line 28, in test_nvidia_driver1
    profile=False)
  File "/usr/local/lib/python2.7/dist-packages/theano/compile/function.py", line 206, in function
    profile=profile)
  File "/usr/local/lib/python2.7/dist-packages/theano/compile/pfunc.py", line 483, in pfunc
    on_unused_input=on_unused_input)
  File "/usr/local/lib/python2.7/dist-packages/theano/compile/function_module.py", line 1333, in orig_function
    defaults)
  File "/usr/local/lib/python2.7/dist-packages/theano/compile/function_module.py", line 1161, in create
    _fn, _i, _o = self.linker.make_thunk(input_storage=input_storage_lists)
  File "/usr/local/lib/python2.7/dist-packages/theano/gof/link.py", line 383, in make_thunk
    output_storage = output_storage)[:3]
  File "/usr/local/lib/python2.7/dist-packages/theano/gof/vm.py", line 799, in make_all
    for node in order]
  File "/usr/local/lib/python2.7/dist-packages/theano/sandbox/cuda/__init__.py", line 244, in make_thunk
    compute_map, no_recycling)
  File "/usr/local/lib/python2.7/dist-packages/theano/gof/op.py", line 579, in make_thunk
    output_storage=node_output_storage)
  File "/usr/local/lib/python2.7/dist-packages/theano/gof/cc.py", line 913, in make_thunk
    keep_lock=keep_lock)
  File "/usr/local/lib/python2.7/dist-packages/theano/gof/cc.py", line 856, in __compile__
    keep_lock=keep_lock)
  File "/usr/local/lib/python2.7/dist-packages/theano/gof/cc.py", line 1278, in cthunk_factory
    module = get_module_cache().module_from_key(
  File "/usr/local/lib/python2.7/dist-packages/theano/gof/cc.py", line 70, in get_module_cache
    return cmodule.get_module_cache(config.compiledir, init_args=init_args)
  File "/usr/local/lib/python2.7/dist-packages/theano/gof/cmodule.py", line 1376, in get_module_cache
    _module_cache = ModuleCache(dirname, **init_args)
  File "/usr/local/lib/python2.7/dist-packages/theano/gof/cmodule.py", line 583, in __init__
    self.refresh()
  File "/usr/local/lib/python2.7/dist-packages/theano/gof/cmodule.py", line 652, in refresh
    key_data = cPickle.load(open(key_pkl, 'rb'))
  File "/usr/local/lib/python2.7/dist-packages/theano/scalar/basic.py", line 2837, in __setstate__
    def __setstate__(self, d):
KeyboardInterrupt
run started at 2013-04-17 01:03 with max_games None
starting game 0_16: gnugo-l1 (b) vs sda_play (w)
Using gpu device 0: GeForce GTX 570
response from game 0_16
forfeit: gnugo-l1 claims move h17 is illegal
starting game 0_17: sda_play (b) vs gnugo-l1 (w)
run interrupted at 2013-04-17 01:03
games in progress were: 0_17
Traceback (most recent call last):
  File "sda_play.py", line 9, in <module>
    from batch_SdA import SdA
  File "/home/nhnifong/deep-planning/code/batch_SdA.py", line 11, in <module>
    import theano
  File "/usr/local/lib/python2.7/dist-packages/theano/__init__.py", line 101, in <module>
    import theano.sandbox.cuda
  File "/usr/local/lib/python2.7/dist-packages/theano/sandbox/cuda/__init__.py", line 214, in <module>
    gpu_init()
KeyboardInterrupt
run started at 2013-04-17 01:04 with max_games None
starting game 0_17: sda_play (b) vs gnugo-l1 (w)
Using gpu device 0: GeForce GTX 570
response from game 0_17
starting game 0_18: gnugo-l1 (b) vs sda_play (w)
Using gpu device 0: GeForce GTX 570
response from game 0_18
starting game 0_19: sda_play (b) vs gnugo-l1 (w)
Using gpu device 0: GeForce GTX 570
response from game 0_19
starting game 0_20: gnugo-l1 (b) vs sda_play (w)
Using gpu device 0: GeForce GTX 570
response from game 0_20
starting game 0_21: sda_play (b) vs gnugo-l1 (w)
Using gpu device 0: GeForce GTX 570
response from game 0_21
starting game 0_22: gnugo-l1 (b) vs sda_play (w)
Using gpu device 0: GeForce GTX 570
response from game 0_22
starting game 0_23: sda_play (b) vs gnugo-l1 (w)
Using gpu device 0: GeForce GTX 570
response from game 0_23
starting game 0_24: gnugo-l1 (b) vs sda_play (w)
Using gpu device 0: GeForce GTX 570
response from game 0_24
starting game 0_25: sda_play (b) vs gnugo-l1 (w)
Using gpu device 0: GeForce GTX 570
response from game 0_25
starting game 0_26: gnugo-l1 (b) vs sda_play (w)
Using gpu device 0: GeForce GTX 570
run interrupted at 2013-04-17 01:14
games in progress were: 0_26
