run started at 2013-04-16 15:34 with max_games None
starting game 0_00: gnugo-l1 (b) vs sda_play (w)
Using gpu device 0: GeForce GTX 570
response from game 0_00
forfeit: gnugo-l1 claims move h6 is illegal
starting game 0_01: sda_play (b) vs gnugo-l1 (w)
Using gpu device 0: GeForce GTX 570
response from game 0_01
forfeit: gnugo-l1 claims move f5 is illegal
starting game 0_02: gnugo-l1 (b) vs sda_play (w)
Using gpu device 0: GeForce GTX 570
response from game 0_02
forfeit: gnugo-l1 claims move d2 is illegal
starting game 0_03: sda_play (b) vs gnugo-l1 (w)
Using gpu device 0: GeForce GTX 570
response from game 0_03
forfeit: gnugo-l1 claims move f3 is illegal
starting game 0_04: gnugo-l1 (b) vs sda_play (w)
Using gpu device 0: GeForce GTX 570
response from game 0_04
forfeit: gnugo-l1 claims move g4 is illegal
starting game 0_05: sda_play (b) vs gnugo-l1 (w)
Using gpu device 0: GeForce GTX 570
response from game 0_05
forfeit: gnugo-l1 claims move d7 is illegal
starting game 0_06: gnugo-l1 (b) vs sda_play (w)
Using gpu device 0: GeForce GTX 570
response from game 0_06
forfeit: gnugo-l1 claims move d7 is illegal
starting game 0_07: sda_play (b) vs gnugo-l1 (w)
Using gpu device 0: GeForce GTX 570
response from game 0_07
forfeit: gnugo-l1 claims move g6 is illegal
starting game 0_08: gnugo-l1 (b) vs sda_play (w)
Using gpu device 0: GeForce GTX 570
response from game 0_08
forfeit: gnugo-l1 claims move h6 is illegal
starting game 0_09: sda_play (b) vs gnugo-l1 (w)
Using gpu device 0: GeForce GTX 570
response from game 0_09
forfeit: gnugo-l1 claims move f5 is illegal
starting game 0_10: gnugo-l1 (b) vs sda_play (w)
Using gpu device 0: GeForce GTX 570
response from game 0_10
forfeit: gnugo-l1 claims move f3 is illegal
starting game 0_11: sda_play (b) vs gnugo-l1 (w)
Using gpu device 0: GeForce GTX 570
response from game 0_11
forfeit: gnugo-l1 claims move f5 is illegal
starting game 0_12: gnugo-l1 (b) vs sda_play (w)
Using gpu device 0: GeForce GTX 570
response from game 0_12
forfeit: gnugo-l1 claims move g4 is illegal
starting game 0_13: sda_play (b) vs gnugo-l1 (w)
Using gpu device 0: GeForce GTX 570
response from game 0_13
forfeit: gnugo-l1 claims move f5 is illegal
starting game 0_14: gnugo-l1 (b) vs sda_play (w)
Using gpu device 0: GeForce GTX 570
response from game 0_14
forfeit: gnugo-l1 claims move f3 is illegal
starting game 0_15: sda_play (b) vs gnugo-l1 (w)
Using gpu device 0: GeForce GTX 570
response from game 0_15
forfeit: gnugo-l1 claims move f5 is illegal
starting game 0_16: gnugo-l1 (b) vs sda_play (w)
Using gpu device 0: GeForce GTX 570
response from game 0_16
forfeit: gnugo-l1 claims move f5 is illegal
starting game 0_17: sda_play (b) vs gnugo-l1 (w)
Using gpu device 0: GeForce GTX 570
response from game 0_17
forfeit: gnugo-l1 claims move f7 is illegal
starting game 0_18: gnugo-l1 (b) vs sda_play (w)
Using gpu device 0: GeForce GTX 570
response from game 0_18
forfeit: gnugo-l1 claims move d7 is illegal
starting game 0_19: sda_play (b) vs gnugo-l1 (w)
Using gpu device 0: GeForce GTX 570
response from game 0_19
forfeit: gnugo-l1 claims move g6 is illegal
starting game 0_20: gnugo-l1 (b) vs sda_play (w)
Using gpu device 0: GeForce GTX 570
response from game 0_20
forfeit: gnugo-l1 claims move h6 is illegal
starting game 0_21: sda_play (b) vs gnugo-l1 (w)
Using gpu device 0: GeForce GTX 570
response from game 0_21
forfeit: gnugo-l1 claims move j9 is illegal
starting game 0_22: gnugo-l1 (b) vs sda_play (w)
Using gpu device 0: GeForce GTX 570
response from game 0_22
forfeit: gnugo-l1 claims move h6 is illegal
starting game 0_23: sda_play (b) vs gnugo-l1 (w)
Using gpu device 0: GeForce GTX 570
response from game 0_23
forfeit: gnugo-l1 claims move f3 is illegal
starting game 0_24: gnugo-l1 (b) vs sda_play (w)
Using gpu device 0: GeForce GTX 570
run interrupted at 2013-04-16 15:36
games in progress were: 0_24
